0 info it worked if it ends with ok
1 verbose cli [ '/Users/jsingh/.meteor/packages/meteor-tool/.1.4.1_3.1dvajav++os.osx.x86_64+web.browser+web.cordova/mt-os.osx.x86_64/dev_bundle/bin/node',
1 verbose cli   '/Users/jsingh/.meteor/packages/meteor-tool/.1.4.1_3.1dvajav++os.osx.x86_64+web.browser+web.cordova/mt-os.osx.x86_64/dev_bundle/bin/npm',
1 verbose cli   'run',
1 verbose cli   'lint' ]
2 info using npm@3.10.8
3 info using node@v4.6.1
4 verbose stack Error: missing script: lint
4 verbose stack     at run (/Users/jsingh/.meteor/packages/meteor-tool/.1.4.1_3.1dvajav++os.osx.x86_64+web.browser+web.cordova/mt-os.osx.x86_64/dev_bundle/lib/node_modules/npm/lib/run-script.js:151:19)
4 verbose stack     at /Users/jsingh/.meteor/packages/meteor-tool/.1.4.1_3.1dvajav++os.osx.x86_64+web.browser+web.cordova/mt-os.osx.x86_64/dev_bundle/lib/node_modules/npm/lib/run-script.js:61:5
4 verbose stack     at /Users/jsingh/.meteor/packages/meteor-tool/.1.4.1_3.1dvajav++os.osx.x86_64+web.browser+web.cordova/mt-os.osx.x86_64/dev_bundle/lib/node_modules/npm/node_modules/read-package-json/read-json.js:356:5
4 verbose stack     at checkBinReferences_ (/Users/jsingh/.meteor/packages/meteor-tool/.1.4.1_3.1dvajav++os.osx.x86_64+web.browser+web.cordova/mt-os.osx.x86_64/dev_bundle/lib/node_modules/npm/node_modules/read-package-json/read-json.js:320:45)
4 verbose stack     at final (/Users/jsingh/.meteor/packages/meteor-tool/.1.4.1_3.1dvajav++os.osx.x86_64+web.browser+web.cordova/mt-os.osx.x86_64/dev_bundle/lib/node_modules/npm/node_modules/read-package-json/read-json.js:354:3)
4 verbose stack     at then (/Users/jsingh/.meteor/packages/meteor-tool/.1.4.1_3.1dvajav++os.osx.x86_64+web.browser+web.cordova/mt-os.osx.x86_64/dev_bundle/lib/node_modules/npm/node_modules/read-package-json/read-json.js:124:5)
4 verbose stack     at /Users/jsingh/.meteor/packages/meteor-tool/.1.4.1_3.1dvajav++os.osx.x86_64+web.browser+web.cordova/mt-os.osx.x86_64/dev_bundle/lib/node_modules/npm/node_modules/read-package-json/read-json.js:311:12
4 verbose stack     at /Users/jsingh/.meteor/packages/meteor-tool/.1.4.1_3.1dvajav++os.osx.x86_64+web.browser+web.cordova/mt-os.osx.x86_64/dev_bundle/lib/node_modules/npm/node_modules/graceful-fs/graceful-fs.js:78:16
4 verbose stack     at FSReqWrap.readFileAfterClose [as oncomplete] (fs.js:380:3)
5 verbose cwd /Users/jsingh/dev/met/intermed
6 error Darwin 15.3.0
7 error argv "/Users/jsingh/.meteor/packages/meteor-tool/.1.4.1_3.1dvajav++os.osx.x86_64+web.browser+web.cordova/mt-os.osx.x86_64/dev_bundle/bin/node" "/Users/jsingh/.meteor/packages/meteor-tool/.1.4.1_3.1dvajav++os.osx.x86_64+web.browser+web.cordova/mt-os.osx.x86_64/dev_bundle/bin/npm" "run" "lint"
8 error node v4.6.1
9 error npm  v3.10.8
10 error missing script: lint
11 error If you need help, you may report this error at:
11 error     <https://github.com/npm/npm/issues>
12 verbose exit [ 1, true ]
